<?xml version="1.0" encoding="UTF-8"?>
<testng-results ignored="0" total="2" passed="2" failed="0" skipped="0">
  <reporter-output>
  </reporter-output>
  <suite started-at="2026-06-13T11:29:51 IST" name="MasterSuite" finished-at="2026-06-13T11:30:35 IST" duration-ms="43531">
    <groups>
      <group name="Master">
        <method signature="TC_001_AccountRegistrationTest.verify_account_registration()[pri:0, instance:testcases.TC_001_AccountRegistrationTest@2f05be7f]" name="verify_account_registration" class="testcases.TC_001_AccountRegistrationTest"/>
        <method signature="TC_002_LoginTest.verify_LoginTest()[pri:0, instance:testcases.TC_002_LoginTest@3f6db3fb]" name="verify_LoginTest" class="testcases.TC_002_LoginTest"/>
      </group> <!-- Master -->
      <group name="Sanity">
        <method signature="TC_002_LoginTest.verify_LoginTest()[pri:0, instance:testcases.TC_002_LoginTest@3f6db3fb]" name="verify_LoginTest" class="testcases.TC_002_LoginTest"/>
      </group> <!-- Sanity -->
      <group name="Regression">
        <method signature="TC_001_AccountRegistrationTest.verify_account_registration()[pri:0, instance:testcases.TC_001_AccountRegistrationTest@2f05be7f]" name="verify_account_registration" class="testcases.TC_001_AccountRegistrationTest"/>
      </group> <!-- Regression -->
    </groups>
    <test started-at="2026-06-13T11:29:51 IST" name="Test" finished-at="2026-06-13T11:30:35 IST" duration-ms="43531">
      <class name="testcases.TC_001_AccountRegistrationTest">
        <test-method is-config="true" signature="setup(java.lang.String,java.lang.String)[pri:0, instance:testcases.TC_001_AccountRegistrationTest@2f05be7f]" started-at="2026-06-13T11:29:52 IST" name="setup" finished-at="2026-06-13T11:30:06 IST" duration-ms="14357" status="PASS">
          <params>
            <param index="0">
              <value>
                <![CDATA[Windows]]>
              </value>
            </param>
            <param index="1">
              <value>
                <![CDATA[chrome]]>
              </value>
            </param>
          </params>
          <reporter-output>
          </reporter-output>
        </test-method> <!-- setup -->
        <test-method signature="verify_account_registration()[pri:0, instance:testcases.TC_001_AccountRegistrationTest@2f05be7f]" started-at="2026-06-13T11:30:06 IST" name="verify_account_registration" finished-at="2026-06-13T11:30:25 IST" duration-ms="19076" status="PASS">
          <reporter-output>
          </reporter-output>
        </test-method> <!-- verify_account_registration -->
        <test-method is-config="true" signature="tearDown()[pri:0, instance:testcases.TC_001_AccountRegistrationTest@2f05be7f]" started-at="2026-06-13T11:30:25 IST" name="tearDown" finished-at="2026-06-13T11:30:26 IST" duration-ms="380" status="PASS">
          <reporter-output>
          </reporter-output>
        </test-method> <!-- tearDown -->
      </class> <!-- testcases.TC_001_AccountRegistrationTest -->
      <class name="testcases.TC_002_LoginTest">
        <test-method is-config="true" signature="setup(java.lang.String,java.lang.String)[pri:0, instance:testcases.TC_002_LoginTest@3f6db3fb]" started-at="2026-06-13T11:30:26 IST" name="setup" finished-at="2026-06-13T11:30:29 IST" duration-ms="3055" status="PASS">
          <params>
            <param index="0">
              <value>
                <![CDATA[Windows]]>
              </value>
            </param>
            <param index="1">
              <value>
                <![CDATA[chrome]]>
              </value>
            </param>
          </params>
          <reporter-output>
          </reporter-output>
        </test-method> <!-- setup -->
        <test-method signature="verify_LoginTest()[pri:0, instance:testcases.TC_002_LoginTest@3f6db3fb]" started-at="2026-06-13T11:30:29 IST" name="verify_LoginTest" finished-at="2026-06-13T11:30:35 IST" duration-ms="5919" status="PASS">
          <reporter-output>
          </reporter-output>
        </test-method> <!-- verify_LoginTest -->
        <test-method is-config="true" signature="tearDown()[pri:0, instance:testcases.TC_002_LoginTest@3f6db3fb]" started-at="2026-06-13T11:30:35 IST" name="tearDown" finished-at="2026-06-13T11:30:35 IST" duration-ms="288" status="PASS">
          <reporter-output>
          </reporter-output>
        </test-method> <!-- tearDown -->
      </class> <!-- testcases.TC_002_LoginTest -->
    </test> <!-- Test -->
  </suite> <!-- MasterSuite -->
</testng-results>
