<?xml version="1.0" encoding="UTF-8"?>
<!-- Generated by org.testng.reporters.JUnitReportReporter -->
<testsuite hostname="DESKTOP-I19SHG0" failures="0" tests="5" name="testcases.TC_003_LoginDDT" time="20.795" errors="0" timestamp="2026-06-06T12:45:52 IST" skipped="0">
  <testcase classname="testcases.TC_003_LoginDDT" name="verify_DDT" time="2.109"/>
  <testcase classname="testcases.TC_003_LoginDDT" name="verify_DDT" time="11.470"/>
  <testcase classname="testcases.TC_003_LoginDDT" name="verify_DDT" time="2.153"/>
  <testcase classname="testcases.TC_003_LoginDDT" name="verify_DDT" time="2.758"/>
  <testcase classname="testcases.TC_003_LoginDDT" name="verify_DDT" time="2.305"/>
</testsuite> <!-- testcases.TC_003_LoginDDT -->
